[Info  - 10:02:15 PM] Initialising intelephense 1.6.3
[Info  - 10:02:15 PM] Reading state from /opt/lampp/htdocs/mvc-2/~/.vscode-root/User/workspaceStorage/8c14523a6d7c2564ef2c0dd5cc2137e9/bmewburn.vscode-intelephense-client/4ff0a6cc.
[Info  - 10:02:16 PM] Initialised in 447 ms
[Info  - 10:02:16 PM] Indexing started.
[Info  - 10:02:18 PM] Indexing ended. 116 files indexed in 1s.
[Info  - 10:02:18 PM] Writing state to /opt/lampp/htdocs/mvc-2/~/.vscode-root/User/workspaceStorage/8c14523a6d7c2564ef2c0dd5cc2137e9/bmewburn.vscode-intelephense-client/4ff0a6cc.
[Info  - 10:02:18 PM] Wrote state in 0.5s.
[Info  - 10:02:42 PM] Indexing started.
[Info  - 10:02:42 PM] Indexing ended. 1 files indexed in 0s.
[Info  - 11:01:48 PM] Indexing started.
[Info  - 11:01:49 PM] Indexing ended. 1 files indexed in 0s.
[Info  - 11:14:54 PM] Indexing started.
[Info  - 11:14:54 PM] Indexing ended. 7 files indexed in 0s.
[Info  - 11:48:38 PM] Indexing started.
[Info  - 11:48:38 PM] Indexing ended. 1 files indexed in 0s.
[Info  - 11:49:32 PM] Indexing started.
[Info  - 11:49:33 PM] Indexing ended. 1 files indexed in 0s.
[Info  - 11:55:40 PM] Indexing started.
[Info  - 11:55:40 PM] Indexing ended. 2 files indexed in 0s.
[Info  - 12:18:44 AM] Indexing started.
[Info  - 12:18:44 AM] Indexing ended. 3 files indexed in 0s.
[Info  - 12:18:45 AM] Indexing started.
[Info  - 12:18:45 AM] Indexing ended. 5 files indexed in 0s.
[Info  - 2:00:10 AM] Indexing started.
[Info  - 2:00:10 AM] Indexing ended. 1 files indexed in 0s.
[Info  - 2:04:49 AM] Indexing started.
[Info  - 2:04:49 AM] Indexing ended. 1 files indexed in 0s.
[Info  - 2:07:23 AM] Indexing started.
[Info  - 2:07:24 AM] Indexing ended. 1 files indexed in 0s.
[Info  - 2:11:33 AM] Indexing started.
[Info  - 2:11:33 AM] Indexing ended. 1 files indexed in 0s.
[Info  - 2:15:44 AM] Indexing started.
[Info  - 2:15:44 AM] Indexing ended. 1 files indexed in 0s.
[Info  - 2:34:21 AM] Indexing started.
[Info  - 2:34:21 AM] Indexing ended. 63 files indexed in 0s.
[Info  - 2:34:21 AM] Indexing started.
[Info  - 2:34:22 AM] Indexing ended. 2 files indexed in 0s.
[Info  - 3:03:49 AM] Indexing started.
[Info  - 3:03:49 AM] Indexing ended. 2 files indexed in 0s.
[Info  - 12:54:16 AM] Indexing started.
[Info  - 12:54:16 AM] Indexing ended. 1 files indexed in 0s.
[Info  - 1:04:17 AM] Indexing started.
[Info  - 1:04:17 AM] Indexing ended. 1 files indexed in 0s.
