[2021-04-14 21:12:56.763] [sharedprocess] [info] Installing extension: formulahendry.code-runner
[2021-04-14 21:12:56.765] [sharedprocess] [info] Installing extension: ms-vscode.cpptools
[2021-04-14 21:12:56.766] [sharedprocess] [info] Installing extension: pkief.material-icon-theme
[2021-04-14 21:12:58.290] [sharedprocess] [info] Downloaded extension: pkief.material-icon-theme undefined
[2021-04-14 21:12:58.336] [sharedprocess] [info] Downloaded extension: formulahendry.code-runner undefined
[2021-04-14 21:12:58.685] [sharedprocess] [info] Extracted extension to /root/.vscode/extensions/.formulahendry.code-runner-0.11.3: formulahendry.code-runner
[2021-04-14 21:12:58.686] [sharedprocess] [info] Renamed to /root/.vscode/extensions/formulahendry.code-runner-0.11.3
[2021-04-14 21:12:58.687] [sharedprocess] [info] Installation completed. formulahendry.code-runner
[2021-04-14 21:12:58.907] [sharedprocess] [info] Extensions installed successfully: formulahendry.code-runner
[2021-04-14 21:12:59.053] [sharedprocess] [info] Downloaded extension: ms-vscode.cpptools undefined
[2021-04-14 21:12:59.127] [sharedprocess] [info] Extracted extension to /root/.vscode/extensions/.pkief.material-icon-theme-4.6.0: pkief.material-icon-theme
[2021-04-14 21:12:59.127] [sharedprocess] [info] Renamed to /root/.vscode/extensions/pkief.material-icon-theme-4.6.0
[2021-04-14 21:12:59.128] [sharedprocess] [info] Installation completed. pkief.material-icon-theme
[2021-04-14 21:12:59.268] [sharedprocess] [info] Extensions installed successfully: pkief.material-icon-theme
[2021-04-14 21:12:59.466] [sharedprocess] [info] Extracted extension to /root/.vscode/extensions/.ms-vscode.cpptools-1.3.0: ms-vscode.cpptools
[2021-04-14 21:12:59.466] [sharedprocess] [info] Renamed to /root/.vscode/extensions/ms-vscode.cpptools-1.3.0
[2021-04-14 21:12:59.473] [sharedprocess] [info] Installation completed. ms-vscode.cpptools
[2021-04-14 21:12:59.620] [sharedprocess] [info] Extensions installed successfully: ms-vscode.cpptools
[2021-04-14 21:13:33.388] [sharedprocess] [info] Starting to clean up unused language packs.
[2021-04-15 02:54:26.838] [sharedprocess] [warning] No ptyHost heartbeat after 6 seconds
[2021-04-16 21:36:12.251] [sharedprocess] [warning] No ptyHost heartbeat after 6 seconds
